Using pre-set license
Built from '2020.3/china_unity/release' branch; Version is '2020.3.6f1c1 (c884b0ebb9b3) revision 13141168'; Using compiler version '192528614'; Build Type 'Release'
OS: 'Windows 10 Home; OS build 19042.1052; Version 2009; 64bit' Language: 'zh' Physical Memory: 16259 MB
BatchMode: 1, IsHumanControllingUs: 0, StartBugReporterOnCrash: 0, Is64bit: 1, IsPro: 0

 COMMAND LINE ARGUMENTS:
D:\UnityHub\UnityBB\2020.3.6f1c1\Editor\Unity.exe
-adb2
-batchMode
-noUpm
-name
AssetImportWorker0
-projectPath
E:/UnityProgram/Puzzle
-logFile
Logs/AssetImportWorker0.log
-srvPort
61822
Successfully changed project path to: E:/UnityProgram/Puzzle
E:/UnityProgram/Puzzle
Using Asset Import Pipeline V2.
Refreshing native plugins compatible for Editor in 43.15 ms, found 1 plugins.
Preloading 0 native plugins for Editor in 0.00 ms.
Initialize engine version: 2020.3.6f1c1 (c884b0ebb9b3)
[Subsystems] Discovering subsystems at path D:/UnityHub/UnityBB/2020.3.6f1c1/Editor/Data/Resources/UnitySubsystems
[Subsystems] Discovering subsystems at path E:/UnityProgram/Puzzle/Assets
GfxDevice: creating device client; threaded=0
Direct3D:
    Version:  Direct3D 11.0 [level 11.1]
    Renderer: NVIDIA GeForce GTX 1660 Ti (ID=0x2191)
    Vendor:   
    VRAM:     5991 MB
    Driver:   27.21.14.6677
Initialize mono
Mono path[0] = 'D:/UnityHub/UnityBB/2020.3.6f1c1/Editor/Data/Managed'
Mono path[1] = 'D:/UnityHub/UnityBB/2020.3.6f1c1/Editor/Data/MonoBleedingEdge/lib/mono/unityjit'
Mono config path = 'D:/UnityHub/UnityBB/2020.3.6f1c1/Editor/Data/MonoBleedingEdge/etc'
Using monoOptions --debugger-agent=transport=dt_socket,embedding=1,server=y,suspend=n,address=127.0.0.1:56772
Begin MonoManager ReloadAssembly
Registering precompiled unity dll's ...
Register platform support module: D:/UnityHub/UnityBB/2020.3.6f1c1/Editor/Data/PlaybackEngines/WindowsStandaloneSupport/UnityEditor.WindowsStandalone.Extensions.dll
Registered in 0.001100 seconds.
Native extension for WindowsStandalone target not found
Refreshing native plugins compatible for Editor in 35.32 ms, found 1 plugins.
Preloading 0 native plugins for Editor in 0.00 ms.
Mono: successfully reloaded assembly
- Completed reload, in  1.794 seconds
Platform modules already initialized, skipping
Registering precompiled user dll's ...
Registered in 0.000830 seconds.
Begin MonoManager ReloadAssembly
Native extension for WindowsStandalone target not found
Refreshing native plugins compatible for Editor in 48.21 ms, found 1 plugins.
Preloading 0 native plugins for Editor in 0.00 ms.
Mono: successfully reloaded assembly
- Completed reload, in  0.951 seconds
Platform modules already initialized, skipping
========================================================================
Worker process is ready to serve import requests
Launched and connected shader compiler UnityShaderCompiler.exe after 0.08 seconds
Refreshing native plugins compatible for Editor in 0.30 ms, found 1 plugins.
Preloading 0 native plugins for Editor in 0.00 ms.
Unloading 1809 Unused Serialized files (Serialized files now loaded: 0)
System memory in use before: 85.0 MB.
System memory in use after: 85.1 MB.

Unloading 19 unused Assets to reduce memory usage. Loaded Objects now: 2258.
Total: 1.865800 ms (FindLiveObjects: 0.165000 ms CreateObjectMapping: 0.066600 ms MarkObjects: 1.578000 ms  DeleteObjects: 0.055400 ms)

========================================================================
Received Import Request.
  path: Assets/Resources/Image/x.png
  artifactKey: Guid(fc0afab96cc841946bba1888aa73c89a) Importer(815301076,1909f56bfc062723c751e8b465ee728b)
Start importing Assets/Resources/Image/x.png using Guid(fc0afab96cc841946bba1888aa73c89a) Importer(815301076,1909f56bfc062723c751e8b465ee728b)  -> (artifact id: '6153472afd5f05b848bcda61aee3b478') in 0.197622 seconds
  Import took 0.200455 seconds .

========================================================================
Received Prepare
Registering precompiled user dll's ...
Registered in 0.001174 seconds.
Begin MonoManager ReloadAssembly
Native extension for WindowsStandalone target not found
Refreshing native plugins compatible for Editor in 0.53 ms, found 1 plugins.
Preloading 0 native plugins for Editor in 0.00 ms.
Mono: successfully reloaded assembly
- Completed reload, in  0.909 seconds
Platform modules already initialized, skipping
Refreshing native plugins compatible for Editor in 0.30 ms, found 1 plugins.
Preloading 0 native plugins for Editor in 0.00 ms.
Unloading 1799 Unused Serialized files (Serialized files now loaded: 0)
System memory in use before: 87.5 MB.
System memory in use after: 87.6 MB.

Unloading 7 unused Assets to reduce memory usage. Loaded Objects now: 2269.
Total: 1.985800 ms (FindLiveObjects: 0.145600 ms CreateObjectMapping: 0.054800 ms MarkObjects: 1.771800 ms  DeleteObjects: 0.012800 ms)

========================================================================
Received Prepare
Registering precompiled user dll's ...
Registered in 0.002139 seconds.
Begin MonoManager ReloadAssembly
Native extension for WindowsStandalone target not found
Refreshing native plugins compatible for Editor in 0.89 ms, found 1 plugins.
Preloading 0 native plugins for Editor in 0.00 ms.
Mono: successfully reloaded assembly
- Completed reload, in  0.922 seconds
Platform modules already initialized, skipping
Refreshing native plugins compatible for Editor in 0.49 ms, found 1 plugins.
Preloading 0 native plugins for Editor in 0.00 ms.
Unloading 1799 Unused Serialized files (Serialized files now loaded: 0)
System memory in use before: 87.6 MB.
System memory in use after: 87.7 MB.

Unloading 7 unused Assets to reduce memory usage. Loaded Objects now: 2273.
Total: 2.275200 ms (FindLiveObjects: 0.195500 ms CreateObjectMapping: 0.120000 ms MarkObjects: 1.940700 ms  DeleteObjects: 0.017700 ms)

========================================================================
Received Prepare
Registering precompiled user dll's ...
Registered in 0.000852 seconds.
Begin MonoManager ReloadAssembly
Native extension for WindowsStandalone target not found
Refreshing native plugins compatible for Editor in 0.31 ms, found 1 plugins.
Preloading 0 native plugins for Editor in 0.00 ms.
Mono: successfully reloaded assembly
- Completed reload, in  0.923 seconds
Platform modules already initialized, skipping
Refreshing native plugins compatible for Editor in 0.31 ms, found 1 plugins.
Preloading 0 native plugins for Editor in 0.00 ms.
Unloading 1799 Unused Serialized files (Serialized files now loaded: 0)
System memory in use before: 87.6 MB.
System memory in use after: 87.7 MB.

Unloading 7 unused Assets to reduce memory usage. Loaded Objects now: 2277.
Total: 2.135600 ms (FindLiveObjects: 0.154300 ms CreateObjectMapping: 0.060300 ms MarkObjects: 1.903500 ms  DeleteObjects: 0.016600 ms)

========================================================================
Received Prepare
Registering precompiled user dll's ...
Registered in 0.000857 seconds.
Begin MonoManager ReloadAssembly
Native extension for WindowsStandalone target not found
Refreshing native plugins compatible for Editor in 0.31 ms, found 1 plugins.
Preloading 0 native plugins for Editor in 0.00 ms.
Mono: successfully reloaded assembly
- Completed reload, in  0.885 seconds
Platform modules already initialized, skipping
Refreshing native plugins compatible for Editor in 0.33 ms, found 1 plugins.
Preloading 0 native plugins for Editor in 0.00 ms.
Unloading 1799 Unused Serialized files (Serialized files now loaded: 0)
System memory in use before: 87.6 MB.
System memory in use after: 87.7 MB.

Unloading 7 unused Assets to reduce memory usage. Loaded Objects now: 2281.
Total: 2.109700 ms (FindLiveObjects: 0.168900 ms CreateObjectMapping: 0.072200 ms MarkObjects: 1.845000 ms  DeleteObjects: 0.022500 ms)

========================================================================
Received Prepare
Registering precompiled user dll's ...
Registered in 0.000930 seconds.
Begin MonoManager ReloadAssembly
Native extension for WindowsStandalone target not found
Refreshing native plugins compatible for Editor in 0.76 ms, found 1 plugins.
Preloading 0 native plugins for Editor in 0.00 ms.
Mono: successfully reloaded assembly
- Completed reload, in  1.093 seconds
Platform modules already initialized, skipping
Refreshing native plugins compatible for Editor in 0.53 ms, found 1 plugins.
Preloading 0 native plugins for Editor in 0.00 ms.
Unloading 1799 Unused Serialized files (Serialized files now loaded: 0)
System memory in use before: 87.6 MB.
System memory in use after: 87.7 MB.

Unloading 7 unused Assets to reduce memory usage. Loaded Objects now: 2285.
Total: 1.869300 ms (FindLiveObjects: 0.183400 ms CreateObjectMapping: 0.068700 ms MarkObjects: 1.600700 ms  DeleteObjects: 0.015500 ms)

========================================================================
Received Prepare
Registering precompiled user dll's ...
Registered in 0.000842 seconds.
Begin MonoManager ReloadAssembly
Native extension for WindowsStandalone target not found
Refreshing native plugins compatible for Editor in 0.31 ms, found 1 plugins.
Preloading 0 native plugins for Editor in 0.00 ms.
Mono: successfully reloaded assembly
- Completed reload, in  0.959 seconds
Platform modules already initialized, skipping
Refreshing native plugins compatible for Editor in 0.39 ms, found 1 plugins.
Preloading 0 native plugins for Editor in 0.00 ms.
Unloading 1799 Unused Serialized files (Serialized files now loaded: 0)
System memory in use before: 87.6 MB.
System memory in use after: 87.7 MB.

Unloading 7 unused Assets to reduce memory usage. Loaded Objects now: 2289.
Total: 1.885100 ms (FindLiveObjects: 0.205800 ms CreateObjectMapping: 0.082500 ms MarkObjects: 1.580500 ms  DeleteObjects: 0.014700 ms)

========================================================================
Received Import Request.
  Time since last request: 870.142416 seconds.
  path: Assets/Res/x.png
  artifactKey: Guid(c41d0154ab124254a96cea018c59a2c5) Importer(815301076,1909f56bfc062723c751e8b465ee728b)
Start importing Assets/Res/x.png using Guid(c41d0154ab124254a96cea018c59a2c5) Importer(815301076,1909f56bfc062723c751e8b465ee728b)  -> (artifact id: '3ba71e987e39035b0d9af65bd7d3ae52') in 0.054625 seconds
  Import took 0.390209 seconds .

========================================================================
Received Prepare
Registering precompiled user dll's ...
Registered in 0.001627 seconds.
Begin MonoManager ReloadAssembly
Native extension for WindowsStandalone target not found
Refreshing native plugins compatible for Editor in 0.65 ms, found 1 plugins.
Preloading 0 native plugins for Editor in 0.00 ms.
Mono: successfully reloaded assembly
- Completed reload, in  1.109 seconds
Platform modules already initialized, skipping
Refreshing native plugins compatible for Editor in 0.39 ms, found 1 plugins.
Preloading 0 native plugins for Editor in 0.00 ms.
Unloading 1799 Unused Serialized files (Serialized files now loaded: 0)
System memory in use before: 87.6 MB.
System memory in use after: 87.7 MB.

Unloading 7 unused Assets to reduce memory usage. Loaded Objects now: 2295.
Total: 7.754400 ms (FindLiveObjects: 0.987800 ms CreateObjectMapping: 0.180900 ms MarkObjects: 6.565600 ms  DeleteObjects: 0.017800 ms)

========================================================================
Received Prepare
Registering precompiled user dll's ...
Registered in 0.000835 seconds.
Begin MonoManager ReloadAssembly
Native extension for WindowsStandalone target not found
Refreshing native plugins compatible for Editor in 0.37 ms, found 1 plugins.
Preloading 0 native plugins for Editor in 0.00 ms.
Mono: successfully reloaded assembly
- Completed reload, in  0.931 seconds
Platform modules already initialized, skipping
Refreshing native plugins compatible for Editor in 0.35 ms, found 1 plugins.
Preloading 0 native plugins for Editor in 0.00 ms.
Unloading 1799 Unused Serialized files (Serialized files now loaded: 0)
System memory in use before: 87.6 MB.
System memory in use after: 87.8 MB.

Unloading 7 unused Assets to reduce memory usage. Loaded Objects now: 2299.
Total: 2.018600 ms (FindLiveObjects: 0.176700 ms CreateObjectMapping: 0.070000 ms MarkObjects: 1.753200 ms  DeleteObjects: 0.017300 ms)

========================================================================
Received Prepare
Registering precompiled user dll's ...
Registered in 0.001159 seconds.
Begin MonoManager ReloadAssembly
Native extension for WindowsStandalone target not found
Refreshing native plugins compatible for Editor in 0.31 ms, found 1 plugins.
Preloading 0 native plugins for Editor in 0.00 ms.
Mono: successfully reloaded assembly
- Completed reload, in  0.789 seconds
Platform modules already initialized, skipping
Refreshing native plugins compatible for Editor in 0.31 ms, found 1 plugins.
Preloading 0 native plugins for Editor in 0.00 ms.
Unloading 1799 Unused Serialized files (Serialized files now loaded: 0)
System memory in use before: 87.7 MB.
System memory in use after: 87.8 MB.

Unloading 7 unused Assets to reduce memory usage. Loaded Objects now: 2303.
Total: 2.024800 ms (FindLiveObjects: 0.152500 ms CreateObjectMapping: 0.059100 ms MarkObjects: 1.797000 ms  DeleteObjects: 0.015100 ms)

========================================================================
Received Import Request.
  Time since last request: 279.684266 seconds.
  path: Assets/Resources/Image/x (2).jpg
  artifactKey: Guid(ce62de99a8fa4854389c32006ee2c284) Importer(815301076,1909f56bfc062723c751e8b465ee728b)
Start importing Assets/Resources/Image/x (2).jpg using Guid(ce62de99a8fa4854389c32006ee2c284) Importer(815301076,1909f56bfc062723c751e8b465ee728b)  -> (artifact id: '7ae13dc8f3636032e4a2217e6ad8af4b') in 0.060581 seconds
  Import took 0.092662 seconds .

========================================================================
Received Import Request.
  Time since last request: 0.486081 seconds.
  path: Assets/Res/x (2).jpg
  artifactKey: Guid(20ea6530a65f482478d278c214c1c2c3) Importer(815301076,1909f56bfc062723c751e8b465ee728b)
Start importing Assets/Res/x (2).jpg using Guid(20ea6530a65f482478d278c214c1c2c3) Importer(815301076,1909f56bfc062723c751e8b465ee728b)  -> (artifact id: '4fe78a88aaae9d7c0afd3746e4e76f7b') in 0.015544 seconds
  Import took 0.041089 seconds .

========================================================================
Received Import Request.
  Time since last request: 3.307802 seconds.
  path: Assets/Res/x.jpg
  artifactKey: Guid(20ea6530a65f482478d278c214c1c2c3) Importer(815301076,1909f56bfc062723c751e8b465ee728b)
Start importing Assets/Res/x.jpg using Guid(20ea6530a65f482478d278c214c1c2c3) Importer(815301076,1909f56bfc062723c751e8b465ee728b)  -> (artifact id: '064deb63ff94175282dda764fcd8f2a1') in 0.023573 seconds
  Import took 0.026580 seconds .

========================================================================
Received Import Request.
  Time since last request: 2.922189 seconds.
  path: Assets/Resources/Image/x.jpg
  artifactKey: Guid(ce62de99a8fa4854389c32006ee2c284) Importer(815301076,1909f56bfc062723c751e8b465ee728b)
Start importing Assets/Resources/Image/x.jpg using Guid(ce62de99a8fa4854389c32006ee2c284) Importer(815301076,1909f56bfc062723c751e8b465ee728b)  -> (artifact id: '49336467d39393db485b2edb48497daa') in 0.014474 seconds
  Import took 0.047187 seconds .

========================================================================
Received Import Request.
  Time since last request: 23.750027 seconds.
  path: Assets/Resources/Image/x.jpg
  artifactKey: Guid(ce62de99a8fa4854389c32006ee2c284) Importer(815301076,1909f56bfc062723c751e8b465ee728b)
Start importing Assets/Resources/Image/x.jpg using Guid(ce62de99a8fa4854389c32006ee2c284) Importer(815301076,1909f56bfc062723c751e8b465ee728b)  -> (artifact id: 'a934d8b7fd9b88e8bd0cc1f24ae820c8') in 0.012279 seconds
  Import took 0.044986 seconds .

========================================================================
Received Import Request.
  Time since last request: 6.830279 seconds.
  path: Assets/Resources/Image/x.jpg
  artifactKey: Guid(ce62de99a8fa4854389c32006ee2c284) Importer(815301076,1909f56bfc062723c751e8b465ee728b)
Start importing Assets/Resources/Image/x.jpg using Guid(ce62de99a8fa4854389c32006ee2c284) Importer(815301076,1909f56bfc062723c751e8b465ee728b)  -> (artifact id: 'a4cf01ba5814d59c8ae2f6b0155d3407') in 0.136147 seconds
  Import took 0.145914 seconds .

========================================================================
Received Import Request.
  Time since last request: 12.157594 seconds.
  path: Assets/Resources/Image/x.jpg
  artifactKey: Guid(ce62de99a8fa4854389c32006ee2c284) Importer(815301076,1909f56bfc062723c751e8b465ee728b)
Start importing Assets/Resources/Image/x.jpg using Guid(ce62de99a8fa4854389c32006ee2c284) Importer(815301076,1909f56bfc062723c751e8b465ee728b)  -> (artifact id: '7516f1106e1752bd939f39114dd6635f') in 0.076681 seconds
  Import took 0.079748 seconds .

========================================================================
Received Prepare
Registering precompiled user dll's ...
Registered in 0.000909 seconds.
Begin MonoManager ReloadAssembly
Native extension for WindowsStandalone target not found
Refreshing native plugins compatible for Editor in 0.30 ms, found 1 plugins.
Preloading 0 native plugins for Editor in 0.00 ms.
Mono: successfully reloaded assembly
- Completed reload, in  0.762 seconds
Platform modules already initialized, skipping
Refreshing native plugins compatible for Editor in 0.32 ms, found 1 plugins.
Preloading 0 native plugins for Editor in 0.00 ms.
Unloading 1799 Unused Serialized files (Serialized files now loaded: 0)
System memory in use before: 87.7 MB.
System memory in use after: 87.8 MB.

Unloading 7 unused Assets to reduce memory usage. Loaded Objects now: 2310.
Total: 1.760900 ms (FindLiveObjects: 0.152800 ms CreateObjectMapping: 0.056000 ms MarkObjects: 1.536900 ms  DeleteObjects: 0.014400 ms)

========================================================================
Received Import Request.
  Time since last request: 30.503007 seconds.
  path: Assets/Scenes/PuzzleGame.unity
  artifactKey: Guid(2cda990e2423bbf4892e6590ba056729) Importer(815301076,1909f56bfc062723c751e8b465ee728b)
Start importing Assets/Scenes/PuzzleGame.unity using Guid(2cda990e2423bbf4892e6590ba056729) Importer(815301076,1909f56bfc062723c751e8b465ee728b)  -> (artifact id: '23dd5385ab2571102ce26697fb94c6c1') in 0.016894 seconds
  Import took 0.166134 seconds .

========================================================================
Received Import Request.
  Time since last request: 0.750551 seconds.
  path: Assets/PuzzleTest.cs
  artifactKey: Guid(ee5d16a9391ab8d459e5525db7207a27) Importer(815301076,1909f56bfc062723c751e8b465ee728b)
Start importing Assets/PuzzleTest.cs using Guid(ee5d16a9391ab8d459e5525db7207a27) Importer(815301076,1909f56bfc062723c751e8b465ee728b)  -> (artifact id: 'd77895e9eb0d815010f23802efd52abe') in 0.013088 seconds
  Import took 0.047107 seconds .

========================================================================
Received Prepare
Registering precompiled user dll's ...
Registered in 0.001267 seconds.
Begin MonoManager ReloadAssembly
Native extension for WindowsStandalone target not found
Refreshing native plugins compatible for Editor in 0.30 ms, found 1 plugins.
Preloading 0 native plugins for Editor in 0.00 ms.
Mono: successfully reloaded assembly
- Completed reload, in  0.777 seconds
Platform modules already initialized, skipping
Refreshing native plugins compatible for Editor in 0.40 ms, found 1 plugins.
Preloading 0 native plugins for Editor in 0.00 ms.
Unloading 1799 Unused Serialized files (Serialized files now loaded: 0)
System memory in use before: 87.7 MB.
System memory in use after: 87.8 MB.

Unloading 7 unused Assets to reduce memory usage. Loaded Objects now: 2314.
Total: 1.912700 ms (FindLiveObjects: 0.169200 ms CreateObjectMapping: 0.063700 ms MarkObjects: 1.661900 ms  DeleteObjects: 0.016500 ms)

========================================================================
Received Import Request.
  Time since last request: 32.034754 seconds.
  path: Assets/PuzzleTest.cs
  artifactKey: Guid(ee5d16a9391ab8d459e5525db7207a27) Importer(815301076,1909f56bfc062723c751e8b465ee728b)
Start importing Assets/PuzzleTest.cs using Guid(ee5d16a9391ab8d459e5525db7207a27) Importer(815301076,1909f56bfc062723c751e8b465ee728b)  -> (artifact id: 'a8f441d3dbf314dfee154b1cf4a89784') in 0.006513 seconds
  Import took 0.021937 seconds .

========================================================================
Received Prepare
Registering precompiled user dll's ...
Registered in 0.000798 seconds.
Begin MonoManager ReloadAssembly
Native extension for WindowsStandalone target not found
Refreshing native plugins compatible for Editor in 0.35 ms, found 1 plugins.
Preloading 0 native plugins for Editor in 0.00 ms.
Mono: successfully reloaded assembly
- Completed reload, in  0.763 seconds
Platform modules already initialized, skipping
Refreshing native plugins compatible for Editor in 0.35 ms, found 1 plugins.
Preloading 0 native plugins for Editor in 0.00 ms.
Unloading 1799 Unused Serialized files (Serialized files now loaded: 0)
System memory in use before: 87.7 MB.
System memory in use after: 87.8 MB.

Unloading 7 unused Assets to reduce memory usage. Loaded Objects now: 2318.
Total: 2.003500 ms (FindLiveObjects: 0.205600 ms CreateObjectMapping: 0.091200 ms MarkObjects: 1.689700 ms  DeleteObjects: 0.015700 ms)

========================================================================
Received Prepare
Registering precompiled user dll's ...
Registered in 0.000790 seconds.
Begin MonoManager ReloadAssembly
Native extension for WindowsStandalone target not found
Refreshing native plugins compatible for Editor in 0.31 ms, found 1 plugins.
Preloading 0 native plugins for Editor in 0.00 ms.
Mono: successfully reloaded assembly
- Completed reload, in  0.775 seconds
Platform modules already initialized, skipping
Refreshing native plugins compatible for Editor in 0.36 ms, found 1 plugins.
Preloading 0 native plugins for Editor in 0.00 ms.
Unloading 1799 Unused Serialized files (Serialized files now loaded: 0)
System memory in use before: 87.7 MB.
System memory in use after: 87.8 MB.

Unloading 7 unused Assets to reduce memory usage. Loaded Objects now: 2322.
Total: 1.735100 ms (FindLiveObjects: 0.154300 ms CreateObjectMapping: 0.058800 ms MarkObjects: 1.508400 ms  DeleteObjects: 0.012900 ms)

AssetImportWorkerClient::OnTransportError - code=2 error=End of file
