Using pre-set license
Built from '2020.3/china_unity/release' branch; Version is '2020.3.6f1c1 (c884b0ebb9b3) revision 13141168'; Using compiler version '192528614'; Build Type 'Release'
OS: 'Windows 10 Home; OS build 19042.1052; Version 2009; 64bit' Language: 'zh' Physical Memory: 16259 MB
BatchMode: 1, IsHumanControllingUs: 0, StartBugReporterOnCrash: 0, Is64bit: 1, IsPro: 0

 COMMAND LINE ARGUMENTS:
D:\UnityHub\UnityBB\2020.3.6f1c1\Editor\Unity.exe
-adb2
-batchMode
-noUpm
-name
AssetImportWorker0
-projectPath
E:/UnityProgram/Puzzle
-logFile
Logs/AssetImportWorker0.log
-srvPort
64523
Successfully changed project path to: E:/UnityProgram/Puzzle
E:/UnityProgram/Puzzle
Using Asset Import Pipeline V2.
Refreshing native plugins compatible for Editor in 34.16 ms, found 1 plugins.
Preloading 0 native plugins for Editor in 0.00 ms.
Initialize engine version: 2020.3.6f1c1 (c884b0ebb9b3)
[Subsystems] Discovering subsystems at path D:/UnityHub/UnityBB/2020.3.6f1c1/Editor/Data/Resources/UnitySubsystems
[Subsystems] Discovering subsystems at path E:/UnityProgram/Puzzle/Assets
GfxDevice: creating device client; threaded=0
Direct3D:
    Version:  Direct3D 11.0 [level 11.1]
    Renderer: NVIDIA GeForce GTX 1660 Ti (ID=0x2191)
    Vendor:   
    VRAM:     5991 MB
    Driver:   27.21.14.6677
Initialize mono
Mono path[0] = 'D:/UnityHub/UnityBB/2020.3.6f1c1/Editor/Data/Managed'
Mono path[1] = 'D:/UnityHub/UnityBB/2020.3.6f1c1/Editor/Data/MonoBleedingEdge/lib/mono/unityjit'
Mono config path = 'D:/UnityHub/UnityBB/2020.3.6f1c1/Editor/Data/MonoBleedingEdge/etc'
Using monoOptions --debugger-agent=transport=dt_socket,embedding=1,server=y,suspend=n,address=127.0.0.1:56516
Begin MonoManager ReloadAssembly
Registering precompiled unity dll's ...
Register platform support module: D:/UnityHub/UnityBB/2020.3.6f1c1/Editor/Data/PlaybackEngines/WindowsStandaloneSupport/UnityEditor.WindowsStandalone.Extensions.dll
Registered in 0.001336 seconds.
Native extension for WindowsStandalone target not found
Refreshing native plugins compatible for Editor in 41.93 ms, found 1 plugins.
Preloading 0 native plugins for Editor in 0.00 ms.
Mono: successfully reloaded assembly
- Completed reload, in  1.885 seconds
Platform modules already initialized, skipping
Registering precompiled user dll's ...
Registered in 0.000922 seconds.
Begin MonoManager ReloadAssembly
Native extension for WindowsStandalone target not found
Refreshing native plugins compatible for Editor in 39.49 ms, found 1 plugins.
Preloading 0 native plugins for Editor in 0.00 ms.
Mono: successfully reloaded assembly
- Completed reload, in  1.011 seconds
Platform modules already initialized, skipping
========================================================================
Worker process is ready to serve import requests
Launched and connected shader compiler UnityShaderCompiler.exe after 0.09 seconds
Refreshing native plugins compatible for Editor in 0.33 ms, found 1 plugins.
Preloading 0 native plugins for Editor in 0.00 ms.
Unloading 1809 Unused Serialized files (Serialized files now loaded: 0)
System memory in use before: 85.0 MB.
System memory in use after: 85.1 MB.

Unloading 19 unused Assets to reduce memory usage. Loaded Objects now: 2258.
Total: 2.226800 ms (FindLiveObjects: 0.221000 ms CreateObjectMapping: 0.076500 ms MarkObjects: 1.872800 ms  DeleteObjects: 0.055400 ms)

========================================================================
Received Import Request.
  path: Assets/Resources/Image/x.png
  artifactKey: Guid(4f90291ad56884845982db08357fd81a) Importer(815301076,1909f56bfc062723c751e8b465ee728b)
Start importing Assets/Resources/Image/x.png using Guid(4f90291ad56884845982db08357fd81a) Importer(815301076,1909f56bfc062723c751e8b465ee728b)  -> (artifact id: '407448b99c81e51a7b92903b092ec9c7') in 0.143559 seconds
  Import took 0.275518 seconds .

========================================================================
Received Import Request.
  Time since last request: 3.375009 seconds.
  path: Assets/Resources/Image/x.png
  artifactKey: Guid(4f90291ad56884845982db08357fd81a) Importer(815301076,1909f56bfc062723c751e8b465ee728b)
Start importing Assets/Resources/Image/x.png using Guid(4f90291ad56884845982db08357fd81a) Importer(815301076,1909f56bfc062723c751e8b465ee728b)  -> (artifact id: '7a081067e09069a70166df2471acfd3f') in 0.020384 seconds
  Import took 0.031193 seconds .

========================================================================
Received Import Request.
  Time since last request: 6.458535 seconds.
  path: Assets/Resources/Image/x.png
  artifactKey: Guid(4f90291ad56884845982db08357fd81a) Importer(815301076,1909f56bfc062723c751e8b465ee728b)
Start importing Assets/Resources/Image/x.png using Guid(4f90291ad56884845982db08357fd81a) Importer(815301076,1909f56bfc062723c751e8b465ee728b)  -> (artifact id: '2cbb257f8ad4c64b4563a77466cfc0af') in 0.093190 seconds
  Import took 0.258912 seconds .

========================================================================
Received Prepare
Registering precompiled user dll's ...
Registered in 0.000793 seconds.
Begin MonoManager ReloadAssembly
Native extension for WindowsStandalone target not found
Refreshing native plugins compatible for Editor in 0.63 ms, found 1 plugins.
Preloading 0 native plugins for Editor in 0.00 ms.
Mono: successfully reloaded assembly
- Completed reload, in  0.895 seconds
Platform modules already initialized, skipping
Refreshing native plugins compatible for Editor in 0.30 ms, found 1 plugins.
Preloading 0 native plugins for Editor in 0.00 ms.
Unloading 1799 Unused Serialized files (Serialized files now loaded: 0)
System memory in use before: 87.5 MB.
System memory in use after: 87.6 MB.

Unloading 7 unused Assets to reduce memory usage. Loaded Objects now: 2268.
Total: 1.725300 ms (FindLiveObjects: 0.182000 ms CreateObjectMapping: 0.062900 ms MarkObjects: 1.464800 ms  DeleteObjects: 0.014600 ms)

========================================================================
Received Prepare
Refreshing native plugins compatible for Editor in 1.44 ms, found 1 plugins.
Preloading 0 native plugins for Editor in 0.00 ms.
Unloading 5 Unused Serialized files (Serialized files now loaded: 0)
System memory in use before: 52.0 MB.
System memory in use after: 52.1 MB.

Unloading 5 unused Assets to reduce memory usage. Loaded Objects now: 2268.
Total: 1.718300 ms (FindLiveObjects: 0.151300 ms CreateObjectMapping: 0.059200 ms MarkObjects: 1.493300 ms  DeleteObjects: 0.013100 ms)

========================================================================
Received Import Request.
  Time since last request: 179.930851 seconds.
  path: Assets/Res/x.png
  artifactKey: Guid(259089cfa3b4e484b983a394c062f0be) Importer(815301076,1909f56bfc062723c751e8b465ee728b)
Start importing Assets/Res/x.png using Guid(259089cfa3b4e484b983a394c062f0be) Importer(815301076,1909f56bfc062723c751e8b465ee728b)  -> (artifact id: 'e327cc3fc1c00f4bb30fdc5b2372c5ef') in 0.046698 seconds
  Import took 0.083754 seconds .

========================================================================
Received Import Request.
  Time since last request: 12.270147 seconds.
  path: Assets/Resources/Image/x.png
  artifactKey: Guid(4f90291ad56884845982db08357fd81a) Importer(815301076,1909f56bfc062723c751e8b465ee728b)
Start importing Assets/Resources/Image/x.png using Guid(4f90291ad56884845982db08357fd81a) Importer(815301076,1909f56bfc062723c751e8b465ee728b)  -> (artifact id: '8537115c80b07a35bc571ba36600e045') in 0.019431 seconds
  Import took 0.038708 seconds .

========================================================================
Received Import Request.
  Time since last request: 5.603627 seconds.
  path: Assets/Resources/Image/x.png
  artifactKey: Guid(4f90291ad56884845982db08357fd81a) Importer(815301076,1909f56bfc062723c751e8b465ee728b)
Start importing Assets/Resources/Image/x.png using Guid(4f90291ad56884845982db08357fd81a) Importer(815301076,1909f56bfc062723c751e8b465ee728b)  -> (artifact id: '90f111e2691b3a5270aa2f8f225a90c2') in 0.032435 seconds
  Import took 0.047976 seconds .

========================================================================
Received Import Request.
  Time since last request: 5.596007 seconds.
  path: Assets/Resources/Image/x.png
  artifactKey: Guid(4f90291ad56884845982db08357fd81a) Importer(815301076,1909f56bfc062723c751e8b465ee728b)
Start importing Assets/Resources/Image/x.png using Guid(4f90291ad56884845982db08357fd81a) Importer(815301076,1909f56bfc062723c751e8b465ee728b)  -> (artifact id: '6cea71e9aebab8bcedc95c7c8ef3afce') in 0.083070 seconds
  Import took 0.103113 seconds .

========================================================================
Received Prepare
Refreshing native plugins compatible for Editor in 1.40 ms, found 1 plugins.
Preloading 0 native plugins for Editor in 0.00 ms.
Unloading 5 Unused Serialized files (Serialized files now loaded: 0)
System memory in use before: 52.1 MB.
System memory in use after: 52.3 MB.

Unloading 5 unused Assets to reduce memory usage. Loaded Objects now: 2269.
Total: 2.662000 ms (FindLiveObjects: 0.157700 ms CreateObjectMapping: 0.060700 ms MarkObjects: 2.425800 ms  DeleteObjects: 0.016600 ms)

========================================================================
Received Prepare
Registering precompiled user dll's ...
Registered in 0.001395 seconds.
Begin MonoManager ReloadAssembly
Native extension for WindowsStandalone target not found
Refreshing native plugins compatible for Editor in 0.32 ms, found 1 plugins.
Preloading 0 native plugins for Editor in 0.00 ms.
Mono: successfully reloaded assembly
- Completed reload, in  0.930 seconds
Platform modules already initialized, skipping
Refreshing native plugins compatible for Editor in 0.31 ms, found 1 plugins.
Preloading 0 native plugins for Editor in 0.00 ms.
Unloading 1799 Unused Serialized files (Serialized files now loaded: 0)
System memory in use before: 87.5 MB.
System memory in use after: 87.7 MB.

Unloading 7 unused Assets to reduce memory usage. Loaded Objects now: 2273.
Total: 1.925500 ms (FindLiveObjects: 0.184500 ms CreateObjectMapping: 0.084700 ms MarkObjects: 1.639500 ms  DeleteObjects: 0.015600 ms)

========================================================================
Received Import Request.
  Time since last request: 100.449109 seconds.
  path: Assets/Res/x.png
  artifactKey: Guid(259089cfa3b4e484b983a394c062f0be) Importer(815301076,1909f56bfc062723c751e8b465ee728b)
Start importing Assets/Res/x.png using Guid(259089cfa3b4e484b983a394c062f0be) Importer(815301076,1909f56bfc062723c751e8b465ee728b)  -> (artifact id: '4706dde40619ce848edf56af71f95f7e') in 0.048620 seconds
  Import took 0.147841 seconds .

========================================================================
Received Import Request.
  Time since last request: 0.084439 seconds.
  path: Assets/Res/x.png
  artifactKey: Guid(259089cfa3b4e484b983a394c062f0be) Importer(815301076,1909f56bfc062723c751e8b465ee728b)
Start importing Assets/Res/x.png using Guid(259089cfa3b4e484b983a394c062f0be) Importer(815301076,1909f56bfc062723c751e8b465ee728b)  -> (artifact id: '4706dde40619ce848edf56af71f95f7e') in 0.013148 seconds
  Import took 0.016586 seconds .

AssetImportWorkerClient::OnTransportError - code=2 error=End of file
